<?xml version="1.0" encoding="UTF-8"?>
<con:soapui-project id="2528710b-ae95-4343-bc09-64ac8fcdf1a0" activeEnvironment="Default" name="Test 1" resourceRoot="" soapui-version="5.4.0" abortOnError="false" runType="SEQUENTIAL" xmlns:con="http://eviware.com/soapui/config"><con:settings><con:setting id="com.eviware.soapui.impl.wsdl.actions.iface.tools.soapui.TestRunnerAction@values-local"><![CDATA[<xml-fragment xmlns:con="http://eviware.com/soapui/config">
  <con:entry key="Report Format(s)" value=""/>
  <con:entry key="Host:Port" value=""/>
  <con:entry key="Export JUnit Results" value="false"/>
  <con:entry key="Export All" value="false"/>
  <con:entry key="Save After" value="false"/>
  <con:entry key="Add Settings" value="false"/>
  <con:entry key="WSS Password Type" value=""/>
  <con:entry key="TestSuite" value="&lt;all>"/>
  <con:entry key="Endpoint" value=""/>
  <con:entry key="Select Report Type" value=""/>
  <con:entry key="System Properties" value=""/>
  <con:entry key="Password" value=""/>
  <con:entry key="Print Report" value="false"/>
  <con:entry key="Open Report" value="false"/>
  <con:entry key="Export JUnit Results with test properties" value="false"/>
  <con:entry key="Global Properties" value=""/>
  <con:entry key="Project Properties" value=""/>
  <con:entry key="Project Password" value=""/>
  <con:entry key="TestCase" value="&lt;all>"/>
  <con:entry key="Username" value=""/>
  <con:entry key="user-settings.xml Password" value=""/>
  <con:entry key="TestRunner Path" value=""/>
  <con:entry key="Environment" value="Default"/>
  <con:entry key="Coverage Report" value="false"/>
  <con:entry key="Enable UI" value="false"/>
  <con:entry key="Root Folder" value=""/>
  <con:entry key="Ignore Errors" value="false"/>
  <con:entry key="Domain" value=""/>
  <con:entry key="Tool Args" value=""/>
  <con:entry key="Save Project" value="false"/>
</xml-fragment>]]></con:setting></con:settings><con:interface xsi:type="con:RestService" id="e780c701-7655-4512-ac11-cd359f2b4b26" wadlVersion="http://wadl.dev.java.net/2009/02" name="http://localhost:8083" type="rest" xmlns:xsi="http://www.w3.org/2001/XMLSchema-instance"><con:settings/><con:definitionCache/><con:endpoints><con:endpoint>http://localhost:8083</con:endpoint></con:endpoints><con:resource name="Klijent get all" path="/klijent" id="c8630f25-3d20-42b7-a2e2-ce177e7966d7"><con:settings/><con:parameters/><con:method name="Method get all" id="324d3fed-7d0a-497d-a81e-05efdb12a704" method="GET"><con:settings/><con:parameters/><con:representation type="RESPONSE"><con:mediaType>application/json;charset=UTF-8</con:mediaType><con:status>200</con:status><con:params/><con:element>Response</con:element></con:representation><con:request name="Get All" id="0c734f88-3c8c-49bd-88da-a7e1713b4aaf" mediaType="application/json"><con:settings><con:setting id="com.eviware.soapui.impl.wsdl.WsdlRequest@request-headers">&lt;xml-fragment/></con:setting></con:settings><con:endpoint>http://localhost:8083</con:endpoint><con:request/><con:originalUri>http://localhost/klijent</con:originalUri><con:credentials><con:authType>No Authorization</con:authType></con:credentials><con:jmsConfig JMSDeliveryMode="PERSISTENT"/><con:jmsPropertyConfig/><con:parameters/></con:request></con:method></con:resource><con:resource name="Klijent get one" path="/klijent/{id}" id="d41b1884-3df8-4b7b-b155-838bdd415e7e"><con:settings/><con:parameters><con:parameter><con:name>id</con:name><con:value/><con:style>QUERY</con:style><con:default/><con:description xsi:nil="true"/></con:parameter></con:parameters><con:method name="Method get one" id="e518cc08-3fc9-4416-83f1-b7401c22a7f7" method="GET"><con:settings/><con:parameters/><con:representation type="RESPONSE"><con:mediaType>application/json;charset=UTF-8</con:mediaType><con:status>200</con:status><con:params/><con:element>Response</con:element></con:representation><con:representation type="FAULT"><con:mediaType>application/json;charset=UTF-8</con:mediaType><con:status>404</con:status><con:params/><con:element xmlns:klij="http://localhost/klijent/">klij:Fault</con:element></con:representation><con:request name="Get one" id="9e51670b-668c-4269-9667-ce9813c8c0c6" mediaType="application/json"><con:settings><con:setting id="com.eviware.soapui.impl.wsdl.WsdlRequest@request-headers">&lt;xml-fragment/></con:setting></con:settings><con:endpoint>http://localhost:8083</con:endpoint><con:request/><con:originalUri>http://localhost/klijent/</con:originalUri><con:credentials><con:authType>No Authorization</con:authType></con:credentials><con:jmsConfig JMSDeliveryMode="PERSISTENT"/><con:jmsPropertyConfig/><con:parameters><entry key="id" value="1" xmlns="http://eviware.com/soapui/config"/></con:parameters><con:parameterOrder><con:entry>id</con:entry></con:parameterOrder></con:request></con:method></con:resource><con:resource name="Klijent get by ime" path="/klijentIme/{ime}" id="8d468269-75c0-49af-bf89-9fdf73415e0d"><con:settings/><con:parameters><con:parameter><con:name>ime</con:name><con:value>andrea</con:value><con:style>TEMPLATE</con:style><con:default>andrea</con:default></con:parameter></con:parameters><con:method name="Method get by ime" id="d53a825b-90e1-4380-aa86-b119ae741562" method="GET"><con:settings/><con:parameters/><con:representation type="FAULT"><con:mediaType>application/json;charset=UTF-8</con:mediaType><con:status>404</con:status><con:params/><con:element xmlns:klij="http://localhost/klijentIme/">klij:Fault</con:element></con:representation><con:representation type="RESPONSE"><con:mediaType>application/json;charset=UTF-8</con:mediaType><con:status>200</con:status><con:params/><con:element>Response</con:element></con:representation><con:request name="Get by ime" id="d5f9ac0c-3410-4f99-8889-d5223cd20248" mediaType="application/json"><con:settings><con:setting id="com.eviware.soapui.impl.wsdl.WsdlRequest@request-headers">&lt;xml-fragment/></con:setting></con:settings><con:endpoint>http://localhost:8083</con:endpoint><con:request/><con:originalUri>http://localhost/klijentIme/</con:originalUri><con:credentials><con:authType>No Authorization</con:authType></con:credentials><con:jmsConfig JMSDeliveryMode="PERSISTENT"/><con:jmsPropertyConfig/><con:parameters><entry key="ime" value="andrea" xmlns="http://eviware.com/soapui/config"/></con:parameters><con:parameterOrder><con:entry>ime</con:entry></con:parameterOrder></con:request></con:method></con:resource><con:resource name="Klijent insert" path="/klijent" id="eaf543fd-e85d-4298-b5e6-a999cc889aeb"><con:settings/><con:parameters/><con:method name="Method insert" id="19f98e1f-c80d-4f1a-981c-cebcf4cf41f0" method="POST"><con:settings/><con:parameters/><con:representation type="FAULT"><con:mediaType>application/json;charset=UTF-8</con:mediaType><con:status>400 500</con:status><con:params/><con:element xmlns:klij="http://localhost/klijent">klij:Fault</con:element></con:representation><con:representation type="REQUEST"><con:mediaType>application/json</con:mediaType><con:params/></con:representation><con:representation type="RESPONSE"><con:mediaType xsi:nil="true"/><con:status>200</con:status><con:params/><con:element>data</con:element></con:representation><con:request name="Request insert" id="a7196027-d7de-4f25-b77f-d40910137c5b" mediaType="application/json" postQueryString="false"><con:settings><con:setting id="com.eviware.soapui.impl.wsdl.WsdlRequest@request-headers">&lt;xml-fragment/></con:setting></con:settings><con:endpoint>http://localhost:8083</con:endpoint><con:request>{
      "id": -50,
      "brojLk": 51032455,
      "ime": "Andrija",
      "prezime": "Gutais",
      "kredit":       {
         "id": 1,
         "naziv": "Gotovinski",
         "opis": "Gotovina se isplacuje na racun korisnika",
         "oznaka": "GK"
      }
   }</con:request><con:originalUri>http://localhost/klijent</con:originalUri><con:credentials><con:authType>No Authorization</con:authType></con:credentials><con:jmsConfig JMSDeliveryMode="PERSISTENT"/><con:jmsPropertyConfig/><con:parameters/><con:parameterOrder/></con:request></con:method></con:resource><con:resource name="Klijent update" path="/klijent" id="31c5c403-e6ec-4b4f-b9de-af3450ae75ce"><con:settings/><con:parameters/><con:method name="Method update" id="c03801d7-ed41-4382-bb49-d9cd78a720af" method="PUT"><con:settings/><con:parameters/><con:representation type="REQUEST"><con:mediaType>application/json</con:mediaType><con:params/></con:representation><con:representation type="FAULT"><con:mediaType>application/json;charset=UTF-8</con:mediaType><con:status>400</con:status><con:params/><con:element xmlns:klij="http://localhost/klijent">klij:Fault</con:element></con:representation><con:representation type="RESPONSE"><con:mediaType xsi:nil="true"/><con:status>200</con:status><con:params/><con:element>data</con:element></con:representation><con:request name="Request update" id="8f61d492-e54a-4661-8c0e-e259fded05b5" mediaType="application/json" postQueryString="false"><con:settings><con:setting id="com.eviware.soapui.impl.wsdl.WsdlRequest@request-headers">&lt;xml-fragment/></con:setting></con:settings><con:endpoint>http://localhost:8083</con:endpoint><con:request>{
      "id": -40,
      "brojLk": 51032455,
      "ime": "Andrijas",
      "prezime": "Gutaisa",
      "kredit":       {
         "id": 1,
         "naziv": "Gotovinski",
         "opis": "Gotovina se isplacuje na racun korisnika",
         "oznaka": "GK"
      }
   }</con:request><con:originalUri>http://localhost/klijent</con:originalUri><con:credentials><con:authType>No Authorization</con:authType></con:credentials><con:jmsConfig JMSDeliveryMode="PERSISTENT"/><con:jmsPropertyConfig/><con:parameters/></con:request></con:method></con:resource><con:resource name="Klijent delete" path="/klijent/{id}" id="3e1db168-270b-43a9-bf52-743719053b0a"><con:settings/><con:parameters><con:parameter><con:name>id</con:name><con:value>-40</con:value><con:style>TEMPLATE</con:style><con:default>-40</con:default></con:parameter></con:parameters><con:method name="Method delete" id="6b08bbe2-3a8e-483d-a283-550e8f0c97ae" method="DELETE"><con:settings/><con:parameters/><con:representation type="FAULT"><con:mediaType>application/json;charset=UTF-8</con:mediaType><con:status>405</con:status><con:params/><con:element xmlns:klij="http://localhost/klijent">klij:Fault</con:element></con:representation><con:representation type="REQUEST"><con:mediaType>application/json</con:mediaType><con:params/></con:representation><con:representation type="RESPONSE"><con:mediaType xsi:nil="true"/><con:status>200</con:status><con:params/><con:element>data</con:element></con:representation><con:request name="Request delete" id="1a7e131b-0a18-415f-bdb7-2d97937e89d0" mediaType="application/json" postQueryString="false"><con:settings><con:setting id="com.eviware.soapui.impl.wsdl.WsdlRequest@request-headers">&lt;xml-fragment/></con:setting></con:settings><con:endpoint>http://localhost:8083</con:endpoint><con:request/><con:originalUri>http://localhost/klijent</con:originalUri><con:credentials><con:authType>No Authorization</con:authType></con:credentials><con:jmsConfig JMSDeliveryMode="PERSISTENT"/><con:jmsPropertyConfig/><con:parameters><entry key="id" value="-40" xmlns="http://eviware.com/soapui/config"/></con:parameters><con:parameterOrder><con:entry>id</con:entry></con:parameterOrder></con:request></con:method></con:resource><con:resource name="Kredit get all" path="/kredit" id="3c8625fc-635a-46b7-8bfb-2453b3824670"><con:settings/><con:parameters/><con:method name="Method get all" id="d5231b06-6eaf-45e2-9024-40b09268fb58" method="GET"><con:settings/><con:parameters/><con:representation type="RESPONSE"><con:mediaType>application/json;charset=UTF-8</con:mediaType><con:status>200</con:status><con:params/><con:element>Response</con:element></con:representation><con:request name="Get all" id="e8052ba1-b2d4-4ace-8dd0-17c23cbd4f47" mediaType="application/json"><con:settings><con:setting id="com.eviware.soapui.impl.wsdl.WsdlRequest@request-headers">&lt;xml-fragment/></con:setting></con:settings><con:endpoint>http://localhost:8083</con:endpoint><con:request/><con:originalUri>http://localhost/kredit</con:originalUri><con:credentials><con:authType>No Authorization</con:authType></con:credentials><con:jmsConfig JMSDeliveryMode="PERSISTENT"/><con:jmsPropertyConfig/><con:parameters/></con:request></con:method></con:resource><con:resource name="Kredit get one" path="/kredit/{id}" id="bf43caf1-0cbb-4ddf-aac7-767b114835f7"><con:settings/><con:parameters><con:parameter><con:name>id</con:name><con:value>1</con:value><con:style>TEMPLATE</con:style><con:default>1</con:default></con:parameter></con:parameters><con:method name="Method get one" id="245aa96c-0381-41a2-ad7f-dcb8efc9e372" method="GET"><con:settings/><con:parameters/><con:representation type="RESPONSE"><con:mediaType>application/json;charset=UTF-8</con:mediaType><con:status>200</con:status><con:params/><con:element xmlns:ns="http://localhost/kredit/1">ns:Response</con:element></con:representation><con:request name="Get one" id="a33f29e8-12a6-40eb-ab7c-2b3eba50413a" mediaType="application/json"><con:settings><con:setting id="com.eviware.soapui.impl.wsdl.WsdlRequest@request-headers">&lt;xml-fragment/></con:setting></con:settings><con:endpoint>http://localhost:8083</con:endpoint><con:request/><con:originalUri>http://localhost/kredit/1</con:originalUri><con:credentials><con:authType>No Authorization</con:authType></con:credentials><con:jmsConfig JMSDeliveryMode="PERSISTENT"/><con:jmsPropertyConfig/><con:parameters><entry key="id" value="1" xmlns="http://eviware.com/soapui/config"/></con:parameters><con:parameterOrder><con:entry>id</con:entry></con:parameterOrder></con:request></con:method></con:resource><con:resource name="Kredit get by naziv" path="/kreditNaziv/{naziv}" id="9331b562-5e72-424a-90a9-59eb1ca19ce4"><con:settings/><con:parameters><con:parameter><con:name>naziv</con:name><con:value>gotovinski</con:value><con:style>TEMPLATE</con:style><con:default>gotovinski</con:default></con:parameter></con:parameters><con:method name="Method get by naziv" id="14342956-8f6a-4b29-b09c-e3c2a5ae22be" method="GET"><con:settings/><con:parameters/><con:representation type="RESPONSE"><con:mediaType>application/json;charset=UTF-8</con:mediaType><con:status>200</con:status><con:params/><con:element>Response</con:element></con:representation><con:request name="Get by naziv" id="3f66718b-be33-442a-a239-e3e799821027" mediaType="application/json"><con:settings><con:setting id="com.eviware.soapui.impl.wsdl.WsdlRequest@request-headers">&lt;xml-fragment/></con:setting></con:settings><con:endpoint>http://localhost:8083</con:endpoint><con:request/><con:originalUri>http://localhost/kreditNaziv/gotovinski</con:originalUri><con:credentials><con:authType>No Authorization</con:authType></con:credentials><con:jmsConfig JMSDeliveryMode="PERSISTENT"/><con:jmsPropertyConfig/><con:parameters><entry key="naziv" value="gotovinski" xmlns="http://eviware.com/soapui/config"/></con:parameters><con:parameterOrder><con:entry>naziv</con:entry></con:parameterOrder></con:request></con:method></con:resource><con:resource name="Kredit insert" path="/kredit" id="4aac559d-ba09-4f4d-8015-8149df1234b2"><con:settings/><con:parameters/><con:method name="Method insert" id="196c3a67-10fc-4214-9d2e-b74398be91ae" method="POST"><con:settings/><con:parameters/><con:representation type="FAULT"><con:mediaType>application/json;charset=UTF-8</con:mediaType><con:status>500</con:status><con:params/><con:element xmlns:kred="http://localhost/kredit">kred:Fault</con:element></con:representation><con:representation type="REQUEST"><con:mediaType>application/json</con:mediaType><con:params/></con:representation><con:representation type="RESPONSE"><con:mediaType xsi:nil="true"/><con:status>200</con:status><con:params/><con:element>data</con:element></con:representation><con:request name="Request insert" id="b1045fd7-90b2-445c-93e2-119e8c0613ac" mediaType="application/json" postQueryString="false"><con:settings><con:setting id="com.eviware.soapui.impl.wsdl.WsdlRequest@request-headers">&lt;xml-fragment/></con:setting></con:settings><con:endpoint>http://localhost:8083</con:endpoint><con:request> {
      "id": -50,
      "naziv": "Gotovinskis",
      "opis": "Gotovina se isplacuje na racun korisnikas",
      "oznaka": "GKs"
   }</con:request><con:originalUri>http://localhost/kredit</con:originalUri><con:credentials><con:authType>No Authorization</con:authType></con:credentials><con:jmsConfig JMSDeliveryMode="PERSISTENT"/><con:jmsPropertyConfig/><con:parameters/></con:request></con:method></con:resource><con:resource name="Kredit update" path="/kredit" id="65c71cb4-5ebe-43b4-bb77-9bd1f324641d"><con:settings/><con:parameters/><con:method name="Method update" id="5de80cca-27fa-4fa9-b034-6e128db9a3ca" method="PUT"><con:settings/><con:parameters/><con:representation type="REQUEST"><con:mediaType>application/json</con:mediaType><con:params/></con:representation><con:representation type="RESPONSE"><con:mediaType xsi:nil="true"/><con:status>204</con:status><con:params/><con:element>data</con:element></con:representation><con:representation type="RESPONSE"><con:mediaType xsi:nil="true"/><con:status>204</con:status><con:params/><con:element>data</con:element></con:representation><con:representation type="RESPONSE"><con:mediaType xsi:nil="true"/><con:status>204</con:status><con:params/><con:element>data</con:element></con:representation><con:representation type="RESPONSE"><con:mediaType xsi:nil="true"/><con:status>204</con:status><con:params/><con:element>data</con:element></con:representation><con:representation type="RESPONSE"><con:mediaType xsi:nil="true"/><con:status>204</con:status><con:params/><con:element>data</con:element></con:representation><con:representation type="RESPONSE"><con:mediaType xsi:nil="true"/><con:status>204</con:status><con:params/><con:element>data</con:element></con:representation><con:representation type="RESPONSE"><con:mediaType xsi:nil="true"/><con:status>204</con:status><con:params/><con:element>data</con:element></con:representation><con:request name="Request update" id="e7b8225d-4018-4479-a524-034f5a8550f2" mediaType="application/json" postQueryString="false"><con:settings><con:setting id="com.eviware.soapui.impl.wsdl.WsdlRequest@request-headers">&lt;xml-fragment/></con:setting></con:settings><con:endpoint>http://localhost:8083</con:endpoint><con:request>{
      "id": -46,
      "naziv": "Kredistki",
      "opis": "Gotovina se isplacuje na racun korisnikasssdds",
      "oznaka": "GKfffdss"
      }</con:request><con:originalUri>http://localhost/kredit</con:originalUri><con:credentials><con:authType>No Authorization</con:authType></con:credentials><con:jmsConfig JMSDeliveryMode="PERSISTENT"/><con:jmsPropertyConfig/><con:parameters/></con:request></con:method></con:resource><con:resource name="Kredit delete" path="/kredit/{id}" id="c52e5d67-53da-4a69-82b7-977ba52f0f09"><con:settings/><con:parameters/><con:method name="Method delete" id="6f7470ee-badd-4761-aa77-54ac16a314cc" method="DELETE"><con:settings/><con:parameters/><con:representation type="RESPONSE"><con:mediaType>application/json;charset=UTF-8</con:mediaType><con:status>200</con:status><con:params/><con:element>Response</con:element></con:representation><con:representation type="RESPONSE"><con:mediaType xsi:nil="true"/><con:status>200</con:status><con:params/><con:element>data</con:element></con:representation><con:representation type="REQUEST"><con:mediaType>application/json</con:mediaType><con:params/></con:representation><con:representation type="FAULT"><con:mediaType>application/json;charset=UTF-8</con:mediaType><con:status>404</con:status><con:params/><con:element xmlns:kred="http://localhost/kredit/">kred:Fault</con:element></con:representation><con:request name="Request delete" id="8629e126-9e44-4f93-93c0-ae0aea866167" mediaType="application/json" postQueryString="false"><con:settings><con:setting id="com.eviware.soapui.impl.wsdl.WsdlRequest@request-headers">&lt;xml-fragment/></con:setting></con:settings><con:endpoint>http://localhost:8083</con:endpoint><con:request/><con:originalUri>http://localhost/kredit/</con:originalUri><con:credentials><con:authType>No Authorization</con:authType></con:credentials><con:jmsConfig JMSDeliveryMode="PERSISTENT"/><con:jmsPropertyConfig/><con:parameters/><con:parameterOrder/></con:request></con:method></con:resource><con:resource name="Racun get all" path="/racun" id="db176d40-c28c-47bb-9569-27c00ec6b53b"><con:settings/><con:parameters/><con:method name="Method get all" id="082ddaff-497b-4816-a9e3-ab59b8ae2536" method="GET"><con:settings/><con:parameters/><con:representation type="RESPONSE"><con:mediaType>application/json;charset=UTF-8</con:mediaType><con:status>200</con:status><con:params/><con:element>Response</con:element></con:representation><con:request name="Get all" id="a0cfa195-1220-421d-8a93-f2033f737937" mediaType="application/json"><con:settings><con:setting id="com.eviware.soapui.impl.wsdl.WsdlRequest@request-headers">&lt;xml-fragment/></con:setting></con:settings><con:endpoint>http://localhost:8083</con:endpoint><con:request/><con:originalUri>http://localhost/racun</con:originalUri><con:credentials><con:authType>No Authorization</con:authType></con:credentials><con:jmsConfig JMSDeliveryMode="PERSISTENT"/><con:jmsPropertyConfig/><con:parameters/></con:request></con:method></con:resource><con:resource name="Racun get one" path="/racun/{id}" id="3c4ca847-dafe-4605-8afd-0194b585f4a6"><con:settings/><con:parameters><con:parameter><con:name>id</con:name><con:value/><con:style>QUERY</con:style><con:default/><con:description xsi:nil="true"/></con:parameter></con:parameters><con:method name="Method get one" id="732c80e6-6ca9-430f-8441-23468f3c2173" method="GET"><con:settings/><con:parameters/><con:representation type="RESPONSE"><con:mediaType>application/json;charset=UTF-8</con:mediaType><con:status>200</con:status><con:params/><con:element>Response</con:element></con:representation><con:representation type="FAULT"><con:mediaType>application/json;charset=UTF-8</con:mediaType><con:status>404</con:status><con:params/><con:element xmlns:rac="http://localhost/racun/">rac:Fault</con:element></con:representation><con:request name="Get one" id="b983ff5b-e36e-456a-9703-40ce5bdfa25a" mediaType="application/json"><con:settings><con:setting id="com.eviware.soapui.impl.wsdl.WsdlRequest@request-headers">&lt;xml-fragment/></con:setting></con:settings><con:endpoint>http://localhost:8083</con:endpoint><con:request/><con:originalUri>http://localhost/racun/</con:originalUri><con:credentials><con:authType>No Authorization</con:authType></con:credentials><con:jmsConfig JMSDeliveryMode="PERSISTENT"/><con:jmsPropertyConfig/><con:parameters><entry key="id" value="1" xmlns="http://eviware.com/soapui/config"/></con:parameters><con:parameterOrder><con:entry>id</con:entry></con:parameterOrder></con:request></con:method></con:resource><con:resource name="Racun get by naziv" path="/racunNaziv/{naziv}" id="88d792ef-9f86-47d7-88bc-40ef742a0376"><con:settings/><con:parameters><con:parameter><con:name>naziv</con:name><con:value>Ziro</con:value><con:style>TEMPLATE</con:style><con:default>Ziro</con:default></con:parameter></con:parameters><con:method name="Method get by naziv" id="dc5fbac6-f7a5-4f1c-82d0-d042df29cc52" method="GET"><con:settings/><con:parameters/><con:representation type="RESPONSE"><con:mediaType>application/json;charset=UTF-8</con:mediaType><con:status>200</con:status><con:params/><con:element>Response</con:element></con:representation><con:request name="Get by naziv" id="1f04a997-01e7-449c-99c7-02782e1fbdd9" mediaType="application/json"><con:settings><con:setting id="com.eviware.soapui.impl.wsdl.WsdlRequest@request-headers">&lt;xml-fragment/></con:setting></con:settings><con:endpoint>http://localhost:8083</con:endpoint><con:request/><con:originalUri>http://localhost/racunNaziv/Ziro</con:originalUri><con:credentials><con:authType>No Authorization</con:authType></con:credentials><con:jmsConfig JMSDeliveryMode="PERSISTENT"/><con:jmsPropertyConfig/><con:parameters><entry key="naziv" value="Ziro" xmlns="http://eviware.com/soapui/config"/></con:parameters><con:parameterOrder><con:entry>naziv</con:entry></con:parameterOrder></con:request></con:method></con:resource><con:resource name="Racun insert" path="/racun" id="5264ce14-b4db-4acd-a261-1077b6ec2b33"><con:settings/><con:parameters/><con:method name="Method insert" id="3f9bf6b3-96ee-44a0-9021-d7c1c7f79bfa" method="POST"><con:settings/><con:parameters/><con:representation type="REQUEST"><con:mediaType>application/json</con:mediaType><con:params/></con:representation><con:representation type="FAULT"><con:mediaType>application/json;charset=UTF-8</con:mediaType><con:status>400 500</con:status><con:params/><con:element xmlns:rac="http://localhost/racun">rac:Fault</con:element></con:representation><con:representation type="RESPONSE"><con:mediaType xsi:nil="true"/><con:status>200</con:status><con:params/><con:element>data</con:element></con:representation><con:request name="Request insert" id="90ae5af9-5beb-407a-af94-d50efeb31922" mediaType="application/json" postQueryString="false"><con:settings><con:setting id="com.eviware.soapui.impl.wsdl.WsdlRequest@request-headers">&lt;xml-fragment/></con:setting></con:settings><con:endpoint>http://localhost:8083</con:endpoint><con:request>
      {
      "id": -50,
      "naziv": "Rekuci racun",
      "opis": "Raacun za novcana sredstva za svakodnevnu upotrebu.",
      "oznaka": "TRa",
      "klijent":       {
         "id": 2,
         "brojLk": 458645645,
         "ime": "Biljana",
         "prezime": "Becic",
         "kredit":          {
            "id": 4,
            "naziv": "Okvirni",
            "opis": "Po visini mjesecnih primanja korisnika",
            "oznaka": "OK"
         }
      },
      "tipRacuna":       {
         "id": 1,
         "naziv": "Studentski",
         "opis": "Studentski kredit bez kamate",
         "oznaka": "ST"
      }
   }
</con:request><con:originalUri>http://localhost/racun</con:originalUri><con:credentials><con:authType>No Authorization</con:authType></con:credentials><con:jmsConfig JMSDeliveryMode="PERSISTENT"/><con:jmsPropertyConfig/><con:parameters/></con:request></con:method></con:resource><con:resource name="Racun update" path="/racun" id="34c6e150-ffb9-4c8f-a352-64b329640a35"><con:settings/><con:parameters/><con:method name="Method update" id="dfd531a1-79cc-481a-beec-6bc49388219b" method="PUT"><con:settings/><con:parameters/><con:representation type="RESPONSE"><con:mediaType>application/json;charset=UTF-8</con:mediaType><con:status>200</con:status><con:params/><con:element>Response</con:element></con:representation><con:representation type="FAULT"><con:mediaType>application/json;charset=UTF-8</con:mediaType><con:status>400</con:status><con:params/><con:element xmlns:rac="http://localhost/racun">rac:Fault</con:element></con:representation><con:representation type="REQUEST"><con:mediaType>application/json</con:mediaType><con:params/></con:representation><con:representation type="RESPONSE"><con:mediaType xsi:nil="true"/><con:status>200</con:status><con:params/><con:element>data</con:element></con:representation><con:request name="Request update" id="cb853248-bc4d-4268-97b4-6fad2b59f806" mediaType="application/json" postQueryString="false"><con:settings><con:setting id="com.eviware.soapui.impl.wsdl.WsdlRequest@request-headers">&lt;xml-fragment/></con:setting></con:settings><con:endpoint>http://localhost:8083</con:endpoint><con:request>{
      "id": -36,
      "naziv": "Seekekuci racun",
      "opis": "Raacun za novcana sredstva za svakodnevnu upotrebu.",
      "oznaka": "TRa",
      "klijent":       {
         "id": 2,
         "brojLk": 458645645,
         "ime": "Biljana",
         "prezime": "Becic",
         "kredit":          {
            "id": 4,
            "naziv": "Okvirni",
            "opis": "Po visini mjesecnih primanja korisnika",
            "oznaka": "OK"
         }
      },
      "tipRacuna":       {
         "id": 1,
         "naziv": "Studentski",
         "opis": "Studentski kredit bez kamate",
         "oznaka": "ST"
      }
   }</con:request><con:originalUri>http://localhost/racun</con:originalUri><con:credentials><con:authType>No Authorization</con:authType></con:credentials><con:jmsConfig JMSDeliveryMode="PERSISTENT"/><con:jmsPropertyConfig/><con:parameters/></con:request></con:method></con:resource><con:resource name="Racun delete" path="/racun/{id}" id="24ccb467-35c2-487b-ab8f-3de5835e0b09"><con:settings/><con:parameters><con:parameter><con:name>id</con:name><con:value>-36</con:value><con:style>TEMPLATE</con:style><con:default>-36</con:default></con:parameter></con:parameters><con:method name="Method delete" id="9ea4661c-a21f-4521-b3d5-66fa5a75addd" method="DELETE"><con:settings/><con:parameters/><con:representation type="REQUEST"><con:mediaType>application/json</con:mediaType><con:params/></con:representation><con:representation type="FAULT"><con:mediaType>application/json;charset=UTF-8</con:mediaType><con:status>405 404</con:status><con:params/><con:element xmlns:rac="http://localhost/racun/">rac:Fault</con:element></con:representation><con:representation type="RESPONSE"><con:mediaType xsi:nil="true"/><con:status>200</con:status><con:params/><con:element>data</con:element></con:representation><con:request name="Request delete" id="2aa027d4-337e-46d1-9a63-2fb317475e05" mediaType="application/json" postQueryString="false"><con:settings><con:setting id="com.eviware.soapui.impl.wsdl.WsdlRequest@request-headers">&lt;xml-fragment/></con:setting></con:settings><con:endpoint>http://localhost:8083</con:endpoint><con:request/><con:originalUri>http://localhost/racun/</con:originalUri><con:credentials><con:authType>No Authorization</con:authType></con:credentials><con:jmsConfig JMSDeliveryMode="PERSISTENT"/><con:jmsPropertyConfig/><con:parameters><entry key="id" value="-36" xmlns="http://eviware.com/soapui/config"/></con:parameters><con:parameterOrder><con:entry>id</con:entry></con:parameterOrder></con:request></con:method></con:resource><con:resource name="TipRacuna get all" path="/tipRacuna" id="4348aa5f-3879-4f8b-9e58-6eae742caba8"><con:settings/><con:parameters/><con:method name="Method get all" id="c1a94ed6-231e-4d7a-b472-742a9ba1abb0" method="GET"><con:settings/><con:parameters/><con:representation type="RESPONSE"><con:mediaType>application/json;charset=UTF-8</con:mediaType><con:status>200</con:status><con:params/><con:element>Response</con:element></con:representation><con:request name="Get all" id="49a6348b-a135-4bfc-a26c-0254982500c6" mediaType="application/json"><con:settings><con:setting id="com.eviware.soapui.impl.wsdl.WsdlRequest@request-headers">&lt;xml-fragment/></con:setting></con:settings><con:endpoint>http://localhost:8083</con:endpoint><con:request/><con:originalUri>http://localhost/tipRacuna</con:originalUri><con:credentials><con:authType>No Authorization</con:authType></con:credentials><con:jmsConfig JMSDeliveryMode="PERSISTENT"/><con:jmsPropertyConfig/><con:parameters/></con:request></con:method></con:resource><con:resource name="TipRacuna get one" path="/tipRacuna/{id}" id="ac784119-f687-436d-b0aa-97b63535eb7b"><con:settings/><con:parameters><con:parameter><con:name>id</con:name><con:value>1</con:value><con:style>TEMPLATE</con:style><con:default>1</con:default></con:parameter></con:parameters><con:method name="Method get one" id="83dbe41e-e9de-49f0-9e65-e76d6aa52187" method="GET"><con:settings/><con:parameters/><con:representation type="RESPONSE"><con:mediaType>application/json;charset=UTF-8</con:mediaType><con:status>200</con:status><con:params/><con:element>Response</con:element></con:representation><con:request name="Get one" id="61c42078-4b4c-4335-8aa9-cbdcb1780dbe" mediaType="application/json"><con:settings><con:setting id="com.eviware.soapui.impl.wsdl.WsdlRequest@request-headers">&lt;xml-fragment/></con:setting></con:settings><con:endpoint>http://localhost:8083</con:endpoint><con:request/><con:originalUri>http://localhost/tipRacuna/</con:originalUri><con:credentials><con:authType>No Authorization</con:authType></con:credentials><con:jmsConfig JMSDeliveryMode="PERSISTENT"/><con:jmsPropertyConfig/><con:parameters><entry key="id" value="1" xmlns="http://eviware.com/soapui/config"/></con:parameters><con:parameterOrder><con:entry>id</con:entry></con:parameterOrder></con:request></con:method></con:resource><con:resource name="TipRacuna get by naziv" path="/tipRacunaNaziv/{naziv}" id="9528607b-6716-413e-b58b-704dde00ae54"><con:settings/><con:parameters><con:parameter><con:name>naziv</con:name><con:value>studentski</con:value><con:style>TEMPLATE</con:style><con:default>studentski</con:default></con:parameter></con:parameters><con:method name="Method get by naziv" id="5daf2750-fea6-4cb1-8a74-d779cde31710" method="GET"><con:settings/><con:parameters/><con:representation type="FAULT"><con:mediaType>application/json;charset=UTF-8</con:mediaType><con:status>404</con:status><con:params/><con:element xmlns:tip="http://localhost/tipRacunaNaziv/">tip:Fault</con:element></con:representation><con:representation type="RESPONSE"><con:mediaType>application/json;charset=UTF-8</con:mediaType><con:status>200</con:status><con:params/><con:element>Response</con:element></con:representation><con:request name="Get by naziv" id="a2e804a5-ddf2-411f-91f4-aae677518619" mediaType="application/json"><con:settings><con:setting id="com.eviware.soapui.impl.wsdl.WsdlRequest@request-headers">&lt;xml-fragment/></con:setting></con:settings><con:endpoint>http://localhost:8083</con:endpoint><con:request/><con:originalUri>http://localhost/tipRacunaNaziv/</con:originalUri><con:credentials><con:authType>No Authorization</con:authType></con:credentials><con:jmsConfig JMSDeliveryMode="PERSISTENT"/><con:jmsPropertyConfig/><con:parameters><entry key="naziv" value="studentski" xmlns="http://eviware.com/soapui/config"/></con:parameters><con:parameterOrder><con:entry>naziv</con:entry></con:parameterOrder></con:request></con:method></con:resource><con:resource name="TipRacuna insert" path="/tipRacuna" id="ffd110ca-6e49-4f07-91e4-c5069254d729"><con:settings/><con:parameters/><con:method name="Method insert" id="7498b739-f1c1-4bf2-a907-ef4b8ac63845" method="POST"><con:settings/><con:parameters/><con:representation type="FAULT"><con:mediaType>application/json;charset=UTF-8</con:mediaType><con:status>500</con:status><con:params/><con:element xmlns:tip="http://localhost/tipRacuna">tip:Fault</con:element></con:representation><con:representation type="REQUEST"><con:mediaType>application/json</con:mediaType><con:params/></con:representation><con:request name="Request insert" id="03c820a0-773e-46fe-b0b1-11f5c2310d5f" mediaType="application/json" postQueryString="false"><con:settings><con:setting id="com.eviware.soapui.impl.wsdl.WsdlRequest@request-headers">&lt;xml-fragment/></con:setting></con:settings><con:endpoint>http://localhost:8083</con:endpoint><con:request>{
      "id": -50,
      "naziv": "Potrosackissss",
      "opis": "Odobrava se za razlicite namjene",
      "oznaka": "PTsssss"
   }</con:request><con:originalUri>http://localhost/tipRacuna</con:originalUri><con:credentials><con:authType>No Authorization</con:authType></con:credentials><con:jmsConfig JMSDeliveryMode="PERSISTENT"/><con:jmsPropertyConfig/><con:parameters/></con:request></con:method></con:resource><con:resource name="TipRacuna update" path="/tipRacuna" id="e7994d90-7b08-412c-8a1b-152cea37bc05"><con:settings/><con:parameters/><con:method name="Method update" id="899c5c69-ecc2-4e0e-b1f5-a5135546f3f9" method="PUT"><con:settings/><con:parameters/><con:representation type="FAULT"><con:mediaType>application/json;charset=UTF-8</con:mediaType><con:status>400</con:status><con:params/><con:element xmlns:tip="http://localhost/tipRacuna">tip:Fault</con:element></con:representation><con:representation type="REQUEST"><con:mediaType>application/json</con:mediaType><con:params/></con:representation><con:representation type="RESPONSE"><con:mediaType xsi:nil="true"/><con:status>200</con:status><con:params/><con:element>data</con:element></con:representation><con:representation type="RESPONSE"><con:mediaType xsi:nil="true"/><con:status>200</con:status><con:params/><con:element>data</con:element></con:representation><con:request name="Request update" id="e98d2b70-23c0-42d1-86c5-79a077e93aaf" mediaType="application/json" postQueryString="false"><con:settings><con:setting id="com.eviware.soapui.impl.wsdl.WsdlRequest@request-headers">&lt;xml-fragment/></con:setting></con:settings><con:endpoint>http://localhost:8083</con:endpoint><con:request>{
      "id": 1,
      "naziv": "Studentski",
      "opis": "Studentski kredit bez kamate",
      "oznaka": "ST"
   }</con:request><con:originalUri>http://localhost/tipRacuna</con:originalUri><con:credentials><con:authType>No Authorization</con:authType></con:credentials><con:jmsConfig JMSDeliveryMode="PERSISTENT"/><con:jmsPropertyConfig/><con:parameters/></con:request></con:method></con:resource><con:resource name="TipRacuna delete" path="/tipRacuna/{id}" id="2208ddfa-fe0d-4067-b91b-47a143429d7a"><con:settings/><con:parameters><con:parameter><con:name>id</con:name><con:value>2</con:value><con:style>TEMPLATE</con:style><con:default>2</con:default></con:parameter></con:parameters><con:method name="Method delete" id="4746deca-7c7c-4c7e-a2ac-51ec4669fd39" method="DELETE"><con:settings/><con:parameters/><con:representation type="FAULT"><con:mediaType>application/json;charset=UTF-8</con:mediaType><con:status>405 500</con:status><con:params/><con:element xmlns:tip="http://localhost/tipRacuna/">tip:Fault</con:element></con:representation><con:representation type="REQUEST"><con:mediaType>application/json</con:mediaType><con:params/></con:representation><con:request name="Request delete" id="516870c8-c78b-4db5-aa1f-9d6e5ddbc744" mediaType="application/json" postQueryString="false"><con:settings><con:setting id="com.eviware.soapui.impl.wsdl.WsdlRequest@request-headers">&lt;xml-fragment/></con:setting></con:settings><con:endpoint>http://localhost:8083</con:endpoint><con:request/><con:originalUri>http://localhost/tipRacuna/</con:originalUri><con:credentials><con:authType>No Authorization</con:authType></con:credentials><con:jmsConfig JMSDeliveryMode="PERSISTENT"/><con:jmsPropertyConfig/><con:parameters><entry key="id" value="2" xmlns="http://eviware.com/soapui/config"/></con:parameters><con:parameterOrder><con:entry>id</con:entry></con:parameterOrder></con:request></con:method></con:resource></con:interface><con:testSuite id="919b38a4-51d3-4c06-974d-5b96d7571335" name="http://localhost:8083 TestSuite"><con:description>TestSuite generated for REST Service [http://localhost:8083]</con:description><con:settings/><con:runType>SEQUENTIAL</con:runType><con:testCase id="f48e93de-1e3b-43be-801f-5651fa7dcd1c" failOnError="true" failTestCaseOnErrors="true" keepSession="false" maxResults="0" name="http://localhost:8083 TestSuite" searchProperties="true"><con:settings/><con:testStep type="restrequest" name="Klijent get all" id="882f4136-b783-413b-a8c4-9d9319705e76"><con:settings/><con:config service="http://localhost:8083" resourcePath="/klijent" methodName="Method get all" xsi:type="con:RestRequestStep" xmlns:xsi="http://www.w3.org/2001/XMLSchema-instance"><con:restRequest name="Klijent get all" id="0c734f88-3c8c-49bd-88da-a7e1713b4aaf" mediaType="application/json"><con:settings><con:setting id="com.eviware.soapui.impl.wsdl.WsdlRequest@request-headers">&lt;xml-fragment/></con:setting></con:settings><con:endpoint>http://localhost:8083</con:endpoint><con:request/><con:originalUri>http://localhost/klijent</con:originalUri><con:credentials><con:authType>No Authorization</con:authType></con:credentials><con:jmsConfig JMSDeliveryMode="PERSISTENT"/><con:jmsPropertyConfig/><con:parameters/></con:restRequest></con:config></con:testStep><con:testStep type="restrequest" name="Klijent get one" id="8bb95673-8af8-49d5-a0c2-47f50c0ed2ae"><con:settings/><con:config service="http://localhost:8083" resourcePath="/klijent/{id}" methodName="Method get one" xsi:type="con:RestRequestStep" xmlns:xsi="http://www.w3.org/2001/XMLSchema-instance"><con:restRequest name="Klijent get one" id="9e51670b-668c-4269-9667-ce9813c8c0c6" mediaType="application/json"><con:settings><con:setting id="com.eviware.soapui.impl.wsdl.WsdlRequest@request-headers">&lt;xml-fragment/></con:setting></con:settings><con:endpoint>http://localhost:8083</con:endpoint><con:request/><con:originalUri>http://localhost/klijent/</con:originalUri><con:credentials><con:authType>No Authorization</con:authType></con:credentials><con:jmsConfig JMSDeliveryMode="PERSISTENT"/><con:jmsPropertyConfig/><con:parameters><entry key="id" value="1" xmlns="http://eviware.com/soapui/config"/></con:parameters><con:parameterOrder><con:entry>id</con:entry></con:parameterOrder></con:restRequest></con:config></con:testStep><con:testStep type="restrequest" name="Klijent get by ime" id="f45bda6b-2c38-40f3-a734-aa7647eba48e"><con:settings/><con:config service="http://localhost:8083" resourcePath="/klijentIme/{ime}" methodName="Method get by ime" xsi:type="con:RestRequestStep" xmlns:xsi="http://www.w3.org/2001/XMLSchema-instance"><con:restRequest name="Klijent get by ime" id="d5f9ac0c-3410-4f99-8889-d5223cd20248" mediaType="application/json"><con:settings><con:setting id="com.eviware.soapui.impl.wsdl.WsdlRequest@request-headers">&lt;xml-fragment/></con:setting></con:settings><con:endpoint>http://localhost:8083</con:endpoint><con:request/><con:originalUri>http://localhost/klijentIme/</con:originalUri><con:credentials><con:authType>No Authorization</con:authType></con:credentials><con:jmsConfig JMSDeliveryMode="PERSISTENT"/><con:jmsPropertyConfig/><con:parameters><entry key="ime" value="andrea" xmlns="http://eviware.com/soapui/config"/></con:parameters><con:parameterOrder><con:entry>ime</con:entry></con:parameterOrder></con:restRequest></con:config></con:testStep><con:testStep type="restrequest" name="Klijent insert" id="4b7f8f68-26f9-4095-bf0c-d0c0e2f8cf96"><con:settings/><con:config service="http://localhost:8083" resourcePath="/klijent" methodName="Method insert" xsi:type="con:RestRequestStep" xmlns:xsi="http://www.w3.org/2001/XMLSchema-instance"><con:restRequest name="Klijent insert" id="a7196027-d7de-4f25-b77f-d40910137c5b" mediaType="application/json" postQueryString="false"><con:settings><con:setting id="com.eviware.soapui.impl.wsdl.WsdlRequest@request-headers">&lt;xml-fragment/></con:setting></con:settings><con:endpoint>http://localhost:8083</con:endpoint><con:request>{
      "id": -50,
      "brojLk": 51032455,
      "ime": "Andrija",
      "prezime": "Gutais",
      "kredit":       {
         "id": 1,
         "naziv": "Gotovinski",
         "opis": "Gotovina se isplacuje na racun korisnika",
         "oznaka": "GK"
      }
   }</con:request><con:originalUri>http://localhost/klijent</con:originalUri><con:credentials><con:authType>No Authorization</con:authType></con:credentials><con:jmsConfig JMSDeliveryMode="PERSISTENT"/><con:jmsPropertyConfig/><con:parameters/><con:parameterOrder/></con:restRequest></con:config></con:testStep><con:testStep type="restrequest" name="Klijent update" id="a892b47b-7a7a-4d25-90c6-23fbfebea018"><con:settings/><con:config service="http://localhost:8083" resourcePath="/klijent" methodName="Method update" xsi:type="con:RestRequestStep" xmlns:xsi="http://www.w3.org/2001/XMLSchema-instance"><con:restRequest name="Klijent update" id="8f61d492-e54a-4661-8c0e-e259fded05b5" mediaType="application/json" postQueryString="false"><con:settings><con:setting id="com.eviware.soapui.impl.wsdl.WsdlRequest@request-headers">&lt;xml-fragment/></con:setting></con:settings><con:endpoint>http://localhost:8083</con:endpoint><con:request>{
      "id": -40,
      "brojLk": 51032455,
      "ime": "Andrijas",
      "prezime": "Gutaisa",
      "kredit":       {
         "id": 1,
         "naziv": "Gotovinski",
         "opis": "Gotovina se isplacuje na racun korisnika",
         "oznaka": "GK"
      }
   }</con:request><con:originalUri>http://localhost/klijent</con:originalUri><con:credentials><con:authType>No Authorization</con:authType></con:credentials><con:jmsConfig JMSDeliveryMode="PERSISTENT"/><con:jmsPropertyConfig/><con:parameters/></con:restRequest></con:config></con:testStep><con:testStep type="restrequest" name="Klijent delete" id="8896124a-c9f7-4c4c-969f-cad68325c994"><con:settings/><con:config service="http://localhost:8083" resourcePath="/klijent/{id}" methodName="Method delete" xsi:type="con:RestRequestStep" xmlns:xsi="http://www.w3.org/2001/XMLSchema-instance"><con:restRequest name="Klijent delete" id="1a7e131b-0a18-415f-bdb7-2d97937e89d0" mediaType="application/json" postQueryString="false"><con:settings><con:setting id="com.eviware.soapui.impl.wsdl.WsdlRequest@request-headers">&lt;xml-fragment/></con:setting></con:settings><con:endpoint>http://localhost:8083</con:endpoint><con:request/><con:originalUri>http://localhost/klijent</con:originalUri><con:credentials><con:authType>No Authorization</con:authType></con:credentials><con:jmsConfig JMSDeliveryMode="PERSISTENT"/><con:jmsPropertyConfig/><con:parameters><entry key="id" value="-40" xmlns="http://eviware.com/soapui/config"/></con:parameters><con:parameterOrder><con:entry>id</con:entry></con:parameterOrder></con:restRequest></con:config></con:testStep><con:testStep type="restrequest" name="Kredit get all" id="3017da50-b830-4564-9c11-e9bd650fd43e"><con:settings/><con:config service="http://localhost:8083" resourcePath="/kredit" methodName="Method get all" xsi:type="con:RestRequestStep" xmlns:xsi="http://www.w3.org/2001/XMLSchema-instance"><con:restRequest name="Kredit get all" id="e8052ba1-b2d4-4ace-8dd0-17c23cbd4f47" mediaType="application/json"><con:settings><con:setting id="com.eviware.soapui.impl.wsdl.WsdlRequest@request-headers">&lt;xml-fragment/></con:setting></con:settings><con:endpoint>http://localhost:8083</con:endpoint><con:request/><con:originalUri>http://localhost/kredit</con:originalUri><con:credentials><con:authType>No Authorization</con:authType></con:credentials><con:jmsConfig JMSDeliveryMode="PERSISTENT"/><con:jmsPropertyConfig/><con:parameters/></con:restRequest></con:config></con:testStep><con:testStep type="restrequest" name="Kredit get one" id="8d535c0e-0425-462e-a946-065dcaf4e641"><con:settings/><con:config service="http://localhost:8083" resourcePath="/kredit/{id}" methodName="Method get one" xsi:type="con:RestRequestStep" xmlns:xsi="http://www.w3.org/2001/XMLSchema-instance"><con:restRequest name="Kredit get one" id="a33f29e8-12a6-40eb-ab7c-2b3eba50413a" mediaType="application/json"><con:settings><con:setting id="com.eviware.soapui.impl.wsdl.WsdlRequest@request-headers">&lt;xml-fragment/></con:setting></con:settings><con:endpoint>http://localhost:8083</con:endpoint><con:request/><con:originalUri>http://localhost/kredit/1</con:originalUri><con:credentials><con:authType>No Authorization</con:authType></con:credentials><con:jmsConfig JMSDeliveryMode="PERSISTENT"/><con:jmsPropertyConfig/><con:parameters><entry key="id" value="1" xmlns="http://eviware.com/soapui/config"/></con:parameters><con:parameterOrder><con:entry>id</con:entry></con:parameterOrder></con:restRequest></con:config></con:testStep><con:testStep type="restrequest" name="Kredit get by naziv" id="d6623d42-c155-4f2a-ad27-700d02a4815a"><con:settings/><con:config service="http://localhost:8083" resourcePath="/kreditNaziv/{naziv}" methodName="Method get by naziv" xsi:type="con:RestRequestStep" xmlns:xsi="http://www.w3.org/2001/XMLSchema-instance"><con:restRequest name="Kredit get by naziv" id="3f66718b-be33-442a-a239-e3e799821027" mediaType="application/json"><con:settings><con:setting id="com.eviware.soapui.impl.wsdl.WsdlRequest@request-headers">&lt;xml-fragment/></con:setting></con:settings><con:endpoint>http://localhost:8083</con:endpoint><con:request/><con:originalUri>http://localhost/kreditNaziv/gotovinski</con:originalUri><con:credentials><con:authType>No Authorization</con:authType></con:credentials><con:jmsConfig JMSDeliveryMode="PERSISTENT"/><con:jmsPropertyConfig/><con:parameters><entry key="naziv" value="gotovinski" xmlns="http://eviware.com/soapui/config"/></con:parameters><con:parameterOrder><con:entry>naziv</con:entry></con:parameterOrder></con:restRequest></con:config></con:testStep><con:testStep type="restrequest" name="Kredit insert" id="7115e884-2f57-431d-901f-d8926aedb64e"><con:settings/><con:config service="http://localhost:8083" resourcePath="/kredit" methodName="Method insert" xsi:type="con:RestRequestStep" xmlns:xsi="http://www.w3.org/2001/XMLSchema-instance"><con:restRequest name="Kredit insert" id="b1045fd7-90b2-445c-93e2-119e8c0613ac" mediaType="application/json" postQueryString="false"><con:settings><con:setting id="com.eviware.soapui.impl.wsdl.WsdlRequest@request-headers">&lt;xml-fragment/></con:setting></con:settings><con:endpoint>http://localhost:8083</con:endpoint><con:request> {
      "id": -50,
      "naziv": "Gotovinskis",
      "opis": "Gotovina se isplacuje na racun korisnikas",
      "oznaka": "GKs"
   }</con:request><con:originalUri>http://localhost/kredit</con:originalUri><con:credentials><con:authType>No Authorization</con:authType></con:credentials><con:jmsConfig JMSDeliveryMode="PERSISTENT"/><con:jmsPropertyConfig/><con:parameters/></con:restRequest></con:config></con:testStep><con:testStep type="restrequest" name="Kredit update" id="fb6b459d-1323-45cb-a24b-b7d7629c6fa0"><con:settings/><con:config service="http://localhost:8083" resourcePath="/kredit" methodName="Method update" xsi:type="con:RestRequestStep" xmlns:xsi="http://www.w3.org/2001/XMLSchema-instance"><con:restRequest name="Kredit update" id="e7b8225d-4018-4479-a524-034f5a8550f2" mediaType="application/json" postQueryString="false"><con:settings><con:setting id="com.eviware.soapui.impl.wsdl.WsdlRequest@request-headers">&lt;xml-fragment/></con:setting></con:settings><con:endpoint>http://localhost:8083</con:endpoint><con:request>{
      "id": -46,
      "naziv": "Kredistki",
      "opis": "Gotovina se isplacuje na racun korisnikasssdds",
      "oznaka": "GKfffdss"
      }</con:request><con:originalUri>http://localhost/kredit</con:originalUri><con:credentials><con:authType>No Authorization</con:authType></con:credentials><con:jmsConfig JMSDeliveryMode="PERSISTENT"/><con:jmsPropertyConfig/><con:parameters/></con:restRequest></con:config></con:testStep><con:testStep type="restrequest" name="Kredit delete" id="19f8baf1-c1e1-4d8b-bdae-0a12d7e4538a"><con:settings/><con:config service="http://localhost:8083" resourcePath="/kredit/{id}" methodName="Method delete" xsi:type="con:RestRequestStep" xmlns:xsi="http://www.w3.org/2001/XMLSchema-instance"><con:restRequest name="Kredit delete" id="8629e126-9e44-4f93-93c0-ae0aea866167" mediaType="application/json" postQueryString="false"><con:settings><con:setting id="com.eviware.soapui.impl.wsdl.WsdlRequest@request-headers">&lt;xml-fragment/></con:setting></con:settings><con:endpoint>http://localhost:8083</con:endpoint><con:request/><con:originalUri>http://localhost/kredit/</con:originalUri><con:credentials><con:authType>No Authorization</con:authType></con:credentials><con:jmsConfig JMSDeliveryMode="PERSISTENT"/><con:jmsPropertyConfig/><con:parameters/><con:parameterOrder/></con:restRequest></con:config></con:testStep><con:testStep type="restrequest" name="Racun get all" id="f5eb0c10-2cca-4ddc-9921-d2e4696aa8b5"><con:settings/><con:config service="http://localhost:8083" resourcePath="/racun" methodName="Method get all" xsi:type="con:RestRequestStep" xmlns:xsi="http://www.w3.org/2001/XMLSchema-instance"><con:restRequest name="Racun get all" id="a0cfa195-1220-421d-8a93-f2033f737937" mediaType="application/json"><con:settings><con:setting id="com.eviware.soapui.impl.wsdl.WsdlRequest@request-headers">&lt;xml-fragment/></con:setting></con:settings><con:endpoint>http://localhost:8083</con:endpoint><con:request/><con:originalUri>http://localhost/racun</con:originalUri><con:credentials><con:authType>No Authorization</con:authType></con:credentials><con:jmsConfig JMSDeliveryMode="PERSISTENT"/><con:jmsPropertyConfig/><con:parameters/></con:restRequest></con:config></con:testStep><con:testStep type="restrequest" name="Racun get one" id="c9d8dfa0-1f9b-48eb-a7f7-037eb7e430cc"><con:settings/><con:config service="http://localhost:8083" resourcePath="/racun/{id}" methodName="Method get one" xsi:type="con:RestRequestStep" xmlns:xsi="http://www.w3.org/2001/XMLSchema-instance"><con:restRequest name="Racun get one" id="b983ff5b-e36e-456a-9703-40ce5bdfa25a" mediaType="application/json"><con:settings><con:setting id="com.eviware.soapui.impl.wsdl.WsdlRequest@request-headers">&lt;xml-fragment/></con:setting></con:settings><con:endpoint>http://localhost:8083</con:endpoint><con:request/><con:originalUri>http://localhost/racun/</con:originalUri><con:credentials><con:authType>No Authorization</con:authType></con:credentials><con:jmsConfig JMSDeliveryMode="PERSISTENT"/><con:jmsPropertyConfig/><con:parameters><entry key="id" value="1" xmlns="http://eviware.com/soapui/config"/></con:parameters><con:parameterOrder><con:entry>id</con:entry></con:parameterOrder></con:restRequest></con:config></con:testStep><con:testStep type="restrequest" name="Racun get by naziv" id="e874c198-c406-4f6c-8921-1c3e0f46f838"><con:settings/><con:config service="http://localhost:8083" resourcePath="/racunNaziv/{naziv}" methodName="Method get by naziv" xsi:type="con:RestRequestStep" xmlns:xsi="http://www.w3.org/2001/XMLSchema-instance"><con:restRequest name="Racun get by naziv" id="1f04a997-01e7-449c-99c7-02782e1fbdd9" mediaType="application/json"><con:settings><con:setting id="com.eviware.soapui.impl.wsdl.WsdlRequest@request-headers">&lt;xml-fragment/></con:setting></con:settings><con:endpoint>http://localhost:8083</con:endpoint><con:request/><con:originalUri>http://localhost/racunNaziv/Ziro</con:originalUri><con:credentials><con:authType>No Authorization</con:authType></con:credentials><con:jmsConfig JMSDeliveryMode="PERSISTENT"/><con:jmsPropertyConfig/><con:parameters><entry key="naziv" value="Ziro" xmlns="http://eviware.com/soapui/config"/></con:parameters><con:parameterOrder><con:entry>naziv</con:entry></con:parameterOrder></con:restRequest></con:config></con:testStep><con:testStep type="restrequest" name="Racun insert" id="84dca75b-e5c1-4f2f-81cb-f73be467c636"><con:settings/><con:config service="http://localhost:8083" resourcePath="/racun" methodName="Method insert" xsi:type="con:RestRequestStep" xmlns:xsi="http://www.w3.org/2001/XMLSchema-instance"><con:restRequest name="Racun insert" id="90ae5af9-5beb-407a-af94-d50efeb31922" mediaType="application/json" postQueryString="false"><con:settings><con:setting id="com.eviware.soapui.impl.wsdl.WsdlRequest@request-headers">&lt;xml-fragment/></con:setting></con:settings><con:endpoint>http://localhost:8083</con:endpoint><con:request>
      {
      "id": -50,
      "naziv": "Rekuci racun",
      "opis": "Raacun za novcana sredstva za svakodnevnu upotrebu.",
      "oznaka": "TRa",
      "klijent":       {
         "id": 2,
         "brojLk": 458645645,
         "ime": "Biljana",
         "prezime": "Becic",
         "kredit":          {
            "id": 4,
            "naziv": "Okvirni",
            "opis": "Po visini mjesecnih primanja korisnika",
            "oznaka": "OK"
         }
      },
      "tipRacuna":       {
         "id": 1,
         "naziv": "Studentski",
         "opis": "Studentski kredit bez kamate",
         "oznaka": "ST"
      }
   }
</con:request><con:originalUri>http://localhost/racun</con:originalUri><con:credentials><con:authType>No Authorization</con:authType></con:credentials><con:jmsConfig JMSDeliveryMode="PERSISTENT"/><con:jmsPropertyConfig/><con:parameters/></con:restRequest></con:config></con:testStep><con:testStep type="restrequest" name="Racun update" id="2f2251f2-81ea-4b0e-bd9c-e1f796673be7"><con:settings/><con:config service="http://localhost:8083" resourcePath="/racun" methodName="Method update" xsi:type="con:RestRequestStep" xmlns:xsi="http://www.w3.org/2001/XMLSchema-instance"><con:restRequest name="Racun update" id="cb853248-bc4d-4268-97b4-6fad2b59f806" mediaType="application/json" postQueryString="false"><con:settings><con:setting id="com.eviware.soapui.impl.wsdl.WsdlRequest@request-headers">&lt;xml-fragment/></con:setting></con:settings><con:endpoint>http://localhost:8083</con:endpoint><con:request>{
      "id": -36,
      "naziv": "Seekekuci racun",
      "opis": "Raacun za novcana sredstva za svakodnevnu upotrebu.",
      "oznaka": "TRa",
      "klijent":       {
         "id": 2,
         "brojLk": 458645645,
         "ime": "Biljana",
         "prezime": "Becic",
         "kredit":          {
            "id": 4,
            "naziv": "Okvirni",
            "opis": "Po visini mjesecnih primanja korisnika",
            "oznaka": "OK"
         }
      },
      "tipRacuna":       {
         "id": 1,
         "naziv": "Studentski",
         "opis": "Studentski kredit bez kamate",
         "oznaka": "ST"
      }
   }</con:request><con:originalUri>http://localhost/racun</con:originalUri><con:credentials><con:authType>No Authorization</con:authType></con:credentials><con:jmsConfig JMSDeliveryMode="PERSISTENT"/><con:jmsPropertyConfig/><con:parameters/></con:restRequest></con:config></con:testStep><con:testStep type="restrequest" name="Racun delete" id="da99b948-8d47-45d5-a136-35da239d6d8e"><con:settings/><con:config service="http://localhost:8083" resourcePath="/racun/{id}" methodName="Method delete" xsi:type="con:RestRequestStep" xmlns:xsi="http://www.w3.org/2001/XMLSchema-instance"><con:restRequest name="Racun delete" id="2aa027d4-337e-46d1-9a63-2fb317475e05" mediaType="application/json" postQueryString="false"><con:settings><con:setting id="com.eviware.soapui.impl.wsdl.WsdlRequest@request-headers">&lt;xml-fragment/></con:setting></con:settings><con:endpoint>http://localhost:8083</con:endpoint><con:request/><con:originalUri>http://localhost/racun/</con:originalUri><con:credentials><con:authType>No Authorization</con:authType></con:credentials><con:jmsConfig JMSDeliveryMode="PERSISTENT"/><con:jmsPropertyConfig/><con:parameters><entry key="id" value="-36" xmlns="http://eviware.com/soapui/config"/></con:parameters><con:parameterOrder><con:entry>id</con:entry></con:parameterOrder></con:restRequest></con:config></con:testStep><con:testStep type="restrequest" name="TipRacuna get all" id="a0a2be9f-80b2-4f87-a263-fcb9c47a2651"><con:settings/><con:config service="http://localhost:8083" resourcePath="/tipRacuna" methodName="Method get all" xsi:type="con:RestRequestStep" xmlns:xsi="http://www.w3.org/2001/XMLSchema-instance"><con:restRequest name="TipRacuna get all" id="49a6348b-a135-4bfc-a26c-0254982500c6" mediaType="application/json"><con:settings><con:setting id="com.eviware.soapui.impl.wsdl.WsdlRequest@request-headers">&lt;xml-fragment/></con:setting></con:settings><con:endpoint>http://localhost:8083</con:endpoint><con:request/><con:originalUri>http://localhost/tipRacuna</con:originalUri><con:credentials><con:authType>No Authorization</con:authType></con:credentials><con:jmsConfig JMSDeliveryMode="PERSISTENT"/><con:jmsPropertyConfig/><con:parameters/></con:restRequest></con:config></con:testStep><con:testStep type="restrequest" name="TipRacuna get one" id="e03fa322-4ed6-43ae-8cb5-29343c098c84"><con:settings/><con:config service="http://localhost:8083" resourcePath="/tipRacuna/{id}" methodName="Method get one" xsi:type="con:RestRequestStep" xmlns:xsi="http://www.w3.org/2001/XMLSchema-instance"><con:restRequest name="TipRacuna get one" id="61c42078-4b4c-4335-8aa9-cbdcb1780dbe" mediaType="application/json"><con:settings><con:setting id="com.eviware.soapui.impl.wsdl.WsdlRequest@request-headers">&lt;xml-fragment/></con:setting></con:settings><con:endpoint>http://localhost:8083</con:endpoint><con:request/><con:originalUri>http://localhost/tipRacuna/</con:originalUri><con:credentials><con:authType>No Authorization</con:authType></con:credentials><con:jmsConfig JMSDeliveryMode="PERSISTENT"/><con:jmsPropertyConfig/><con:parameters><entry key="id" value="1" xmlns="http://eviware.com/soapui/config"/></con:parameters><con:parameterOrder><con:entry>id</con:entry></con:parameterOrder></con:restRequest></con:config></con:testStep><con:testStep type="restrequest" name="TipRacuna get by naziv" id="df112994-a965-4b68-ac2e-b6d95fa5b7ed"><con:settings/><con:config service="http://localhost:8083" resourcePath="/tipRacunaNaziv/{naziv}" methodName="Method get by naziv" xsi:type="con:RestRequestStep" xmlns:xsi="http://www.w3.org/2001/XMLSchema-instance"><con:restRequest name="TipRacuna get by naziv" id="a2e804a5-ddf2-411f-91f4-aae677518619" mediaType="application/json"><con:settings><con:setting id="com.eviware.soapui.impl.wsdl.WsdlRequest@request-headers">&lt;xml-fragment/></con:setting></con:settings><con:endpoint>http://localhost:8083</con:endpoint><con:request/><con:originalUri>http://localhost/tipRacunaNaziv/</con:originalUri><con:credentials><con:authType>No Authorization</con:authType></con:credentials><con:jmsConfig JMSDeliveryMode="PERSISTENT"/><con:jmsPropertyConfig/><con:parameters><entry key="naziv" value="studentski" xmlns="http://eviware.com/soapui/config"/></con:parameters><con:parameterOrder><con:entry>naziv</con:entry></con:parameterOrder></con:restRequest></con:config></con:testStep><con:testStep type="restrequest" name="TipRacuna insert" id="2ba6de47-bd13-41a6-8641-8ee27d4eacef"><con:settings/><con:config service="http://localhost:8083" resourcePath="/tipRacuna" methodName="Method insert" xsi:type="con:RestRequestStep" xmlns:xsi="http://www.w3.org/2001/XMLSchema-instance"><con:restRequest name="TipRacuna insert" id="03c820a0-773e-46fe-b0b1-11f5c2310d5f" mediaType="application/json" postQueryString="false"><con:settings><con:setting id="com.eviware.soapui.impl.wsdl.WsdlRequest@request-headers">&lt;xml-fragment/></con:setting></con:settings><con:endpoint>http://localhost:8083</con:endpoint><con:request>{
      "id": -50,
      "naziv": "Potrosackissss",
      "opis": "Odobrava se za razlicite namjene",
      "oznaka": "PTsssss"
   }</con:request><con:originalUri>http://localhost/tipRacuna</con:originalUri><con:credentials><con:authType>No Authorization</con:authType></con:credentials><con:jmsConfig JMSDeliveryMode="PERSISTENT"/><con:jmsPropertyConfig/><con:parameters/></con:restRequest></con:config></con:testStep><con:testStep type="restrequest" name="TipRacuna update" id="f00bea22-5c3a-40f5-8ba6-3553344df87d"><con:settings/><con:config service="http://localhost:8083" resourcePath="/tipRacuna" methodName="Method update" xsi:type="con:RestRequestStep" xmlns:xsi="http://www.w3.org/2001/XMLSchema-instance"><con:restRequest name="TipRacuna update" id="e98d2b70-23c0-42d1-86c5-79a077e93aaf" mediaType="application/json" postQueryString="false"><con:settings><con:setting id="com.eviware.soapui.impl.wsdl.WsdlRequest@request-headers">&lt;xml-fragment/></con:setting></con:settings><con:endpoint>http://localhost:8083</con:endpoint><con:request>{
      "id": 1,
      "naziv": "Studentski",
      "opis": "Studentski kredit bez kamate",
      "oznaka": "ST"
   }</con:request><con:originalUri>http://localhost/tipRacuna</con:originalUri><con:credentials><con:authType>No Authorization</con:authType></con:credentials><con:jmsConfig JMSDeliveryMode="PERSISTENT"/><con:jmsPropertyConfig/><con:parameters/></con:restRequest></con:config></con:testStep><con:testStep type="restrequest" name="TipRacuna delete" id="2cfd9564-47e9-4afd-af0e-22c9c5f0ed67"><con:settings/><con:config service="http://localhost:8083" resourcePath="/tipRacuna/{id}" methodName="Method delete" xsi:type="con:RestRequestStep" xmlns:xsi="http://www.w3.org/2001/XMLSchema-instance"><con:restRequest name="TipRacuna delete" id="516870c8-c78b-4db5-aa1f-9d6e5ddbc744" mediaType="application/json" postQueryString="false"><con:settings><con:setting id="com.eviware.soapui.impl.wsdl.WsdlRequest@request-headers">&lt;xml-fragment/></con:setting></con:settings><con:endpoint>http://localhost:8083</con:endpoint><con:request/><con:originalUri>http://localhost/tipRacuna/</con:originalUri><con:credentials><con:authType>No Authorization</con:authType></con:credentials><con:jmsConfig JMSDeliveryMode="PERSISTENT"/><con:jmsPropertyConfig/><con:parameters><entry key="id" value="2" xmlns="http://eviware.com/soapui/config"/></con:parameters><con:parameterOrder><con:entry>id</con:entry></con:parameterOrder></con:restRequest></con:config></con:testStep><con:loadTest id="858b591f-1550-439f-9fa8-116384e5a97f" name="LoadTest 1"><con:settings/><con:threadCount>5</con:threadCount><con:startDelay>0</con:startDelay><con:sampleInterval>250</con:sampleInterval><con:calculateTPSOnTimePassed>true</con:calculateTPSOnTimePassed><con:resetStatisticsOnThreadCountChange>true</con:resetStatisticsOnThreadCountChange><con:historyLimit>-1</con:historyLimit><con:testLimit>60</con:testLimit><con:limitType>TIME</con:limitType><con:loadStrategy><con:type>Simple</con:type></con:loadStrategy><con:assertion type="Step Status" name="Step Status"/><con:maxAssertionErrors>100</con:maxAssertionErrors><con:cancelExcessiveThreads>true</con:cancelExcessiveThreads><con:strategyInterval>500</con:strategyInterval></con:loadTest><con:properties/></con:testCase><con:properties/></con:testSuite><con:properties/><con:wssContainer/><con:oAuth2ProfileContainer/><con:oAuth1ProfileContainer/><con:sensitiveInformation/></con:soapui-project>